<?xml version="1.0" encoding="UTF-8"?>
<testng-results ignored="3" total="4" passed="0" failed="1" skipped="0">
  <reporter-output>
  </reporter-output>
  <suite started-at="2023-07-29T15:10:30Z" name="suite" finished-at="2023-07-29T15:10:42Z" duration-ms="11956">
    <groups>
      <group name="Regression">
        <method signature="LoginTest.loginInvalidUsernameInvalidPassword(java.lang.String, java.lang.String)[pri:0, instance:tests.LoginTest@667a738]" name="loginInvalidUsernameInvalidPassword" class="tests.LoginTest"/>
      </group> <!-- Regression -->
      <group name="Smoke">
        <method signature="LoginTest.loginInvalidUsernameInvalidPassword(java.lang.String, java.lang.String)[pri:0, instance:tests.LoginTest@667a738]" name="loginInvalidUsernameInvalidPassword" class="tests.LoginTest"/>
      </group> <!-- Smoke -->
    </groups>
    <test started-at="2023-07-29T15:10:30Z" name="Test" finished-at="2023-07-29T15:10:42Z" duration-ms="11956">
      <class name="tests.LoginTest">
        <test-method is-config="true" signature="launchBrowser(java.lang.String)[pri:0, instance:tests.LoginTest@667a738]" started-at="2023-07-29T15:10:30Z" name="launchBrowser" finished-at="2023-07-29T15:10:40Z" duration-ms="9471" status="PASS">
          <params>
            <param index="0">
              <value>
                <![CDATA[https://nktechsolutions.com/membership-login/]]>
              </value>
            </param>
          </params>
          <reporter-output>
          </reporter-output>
        </test-method> <!-- launchBrowser -->
        <test-method signature="loginInvalidUsernameInvalidPassword(java.lang.String, java.lang.String)[pri:0, instance:tests.LoginTest@667a738]" started-at="2023-07-29T15:10:40Z" name="loginInvalidUsernameInvalidPassword" data-provider="loginData" finished-at="2023-07-29T15:10:42Z" duration-ms="2010" status="FAIL">
          <params>
            <param index="0">
              <value>
                <![CDATA[admin]]>
              </value>
            </param>
            <param index="1">
              <value>
                <![CDATA[admin]]>
              </value>
            </param>
          </params>
          <exception class="java.lang.AssertionError">
            <message>
              <![CDATA[The following asserts failed:
url mismatched expected [https://google.com] but found [https://nktechsolutions.com/membership-login/]]]>
            </message>
            <full-stacktrace>
              <![CDATA[java.lang.AssertionError: The following asserts failed:
url mismatched expected [https://google.com] but found [https://nktechsolutions.com/membership-login/]
at org.testng.asserts.SoftAssert.assertAll(SoftAssert.java:43)
at tests.LoginTest.loginInvalidUsernameInvalidPassword(LoginTest.java:35)
at java.base/jdk.internal.reflect.NativeMethodAccessorImpl.invoke0(Native Method)
at java.base/jdk.internal.reflect.NativeMethodAccessorImpl.invoke(NativeMethodAccessorImpl.java:77)
at java.base/jdk.internal.reflect.DelegatingMethodAccessorImpl.invoke(DelegatingMethodAccessorImpl.java:43)
at java.base/java.lang.reflect.Method.invoke(Method.java:568)
at org.testng.internal.MethodInvocationHelper.invokeMethod(MethodInvocationHelper.java:124)
at org.testng.internal.Invoker.invokeMethod(Invoker.java:583)
at org.testng.internal.Invoker.invokeTestMethod(Invoker.java:719)
at org.testng.internal.Invoker.invokeTestMethods(Invoker.java:989)
at org.testng.internal.TestMethodWorker.invokeTestMethods(TestMethodWorker.java:125)
at org.testng.internal.TestMethodWorker.run(TestMethodWorker.java:109)
at org.testng.TestRunner.privateRun(TestRunner.java:648)
at org.testng.TestRunner.run(TestRunner.java:505)
at org.testng.SuiteRunner.runTest(SuiteRunner.java:455)
at org.testng.SuiteRunner.runSequentially(SuiteRunner.java:450)
at org.testng.SuiteRunner.privateRun(SuiteRunner.java:415)
at org.testng.SuiteRunner.run(SuiteRunner.java:364)
at org.testng.SuiteRunnerWorker.runSuite(SuiteRunnerWorker.java:52)
at org.testng.SuiteRunnerWorker.run(SuiteRunnerWorker.java:84)
at org.testng.TestNG.runSuitesSequentially(TestNG.java:1208)
at org.testng.TestNG.runSuitesLocally(TestNG.java:1137)
at org.testng.TestNG.runSuites(TestNG.java:1049)
at org.testng.TestNG.run(TestNG.java:1017)
at org.apache.maven.surefire.testng.TestNGExecutor.run(TestNGExecutor.java:283)
at org.apache.maven.surefire.testng.TestNGXmlTestSuite.execute(TestNGXmlTestSuite.java:75)
at org.apache.maven.surefire.testng.TestNGProvider.invoke(TestNGProvider.java:120)
at org.apache.maven.surefire.booter.ForkedBooter.invokeProviderInSameClassLoader(ForkedBooter.java:384)
at org.apache.maven.surefire.booter.ForkedBooter.runSuitesInProcess(ForkedBooter.java:345)
at org.apache.maven.surefire.booter.ForkedBooter.execute(ForkedBooter.java:126)
at org.apache.maven.surefire.booter.ForkedBooter.main(ForkedBooter.java:418)
]]>
            </full-stacktrace>
          </exception> <!-- java.lang.AssertionError -->
          <reporter-output>
          </reporter-output>
        </test-method> <!-- loginInvalidUsernameInvalidPassword -->
        <test-method is-config="true" signature="closeBrowser()[pri:0, instance:tests.LoginTest@667a738]" started-at="2023-07-29T15:10:42Z" name="closeBrowser" finished-at="2023-07-29T15:10:42Z" duration-ms="421" status="PASS">
          <reporter-output>
          </reporter-output>
        </test-method> <!-- closeBrowser -->
      </class> <!-- tests.LoginTest -->
    </test> <!-- Test -->
  </suite> <!-- suite -->
</testng-results>
